<?xml version="1.0" encoding="UTF-8"?>
<!-- Generated by org.testng.reporters.JUnitXMLReporter -->
<testsuite ignored="0" hostname="DESKTOP-A429GD0" failures="0" tests="2" name="Error Validation Test" time="220.085" errors="0" timestamp="2024-12-26T13:11:17 IST">
  <testcase classname="rahulshettyacademy.ErrorValidationTest" name="errorValiation" time="0.001">
    <skipped/>
  </testcase> <!-- errorValiation -->
  <testcase classname="rahulshettyacademy.ErrorValidationTest" name="productErrorValidation" time="0.0">
    <skipped/>
  </testcase> <!-- productErrorValidation -->
</testsuite> <!-- Error Validation Test -->
