<?xml version="1.0" encoding="UTF-8"?>
<!-- Generated by org.testng.reporters.JUnitXMLReporter -->
<testsuite ignored="2" hostname="DESKTOP-A429GD0" failures="0" tests="0" time="0.017" errors="0" timestamp="2024-12-08T22:41:34 IST">
  <testcase classname="rahulshettyacademy.ErrorValidationTest" name="errorValiation" time="0.0">
    <ignored/>
  </testcase> <!-- errorValiation -->
  <testcase classname="rahulshettyacademy.ErrorValidationTest" name="productErrorValidation" time="0.0">
    <ignored/>
  </testcase> <!-- productErrorValidation -->
</testsuite>
