<?xml version="1.0" encoding="UTF-8"?>
<!-- Generated by org.testng.reporters.JUnitXMLReporter -->
<testsuite ignored="1" hostname="DESKTOP-A429GD0" failures="0" tests="2" name="Submit Order Test" time="97.97" errors="0" timestamp="2024-12-08T22:43:12 IST">
  <testcase classname="rahulshettyacademy.SubmitOrderTest" name="submitOrder" time="3.186"/>
  <testcase classname="rahulshettyacademy.SubmitOrderTest" name="submitOrder" time="3.517"/>
  <testcase classname="rahulshettyacademy.SubmitOrderTest" name="verifyOrderHistory" time="0.0">
    <ignored/>
  </testcase> <!-- verifyOrderHistory -->
</testsuite> <!-- Submit Order Test -->
