<?xml version="1.0" encoding="UTF-8"?>
<testng-results ignored="0" total="2" passed="2" failed="0" skipped="0">
  <reporter-output>
  </reporter-output>
  <suite started-at="2024-12-08T22:41:34 IST" name="Suite" finished-at="2024-12-08T22:43:12 IST" duration-ms="97970">
    <groups>
      <group name="Purchase">
        <method signature="SubmitOrderTest.submitOrder(java.util.Map)[pri:0, instance:rahulshettyacademy.SubmitOrderTest@6c80d78a]" name="submitOrder" class="rahulshettyacademy.SubmitOrderTest"/>
      </group> <!-- Purchase -->
    </groups>
    <test started-at="2024-12-08T22:41:34 IST" name="Error Validation Test" finished-at="2024-12-08T22:41:34 IST" duration-ms="17">
    </test> <!-- Error Validation Test -->
    <test started-at="2024-12-08T22:41:34 IST" name="Submit Order Test" finished-at="2024-12-08T22:43:12 IST" duration-ms="97970">
      <class name="rahulshettyacademy.SubmitOrderTest">
        <test-method is-config="true" signature="launchApplication()[pri:0, instance:rahulshettyacademy.SubmitOrderTest@6c80d78a]" started-at="2024-12-08T22:41:34 IST" name="launchApplication" finished-at="2024-12-08T22:42:20 IST" duration-ms="46129" status="PASS">
          <reporter-output>
          </reporter-output>
        </test-method> <!-- launchApplication -->
        <test-method signature="submitOrder(java.util.Map)[pri:0, instance:rahulshettyacademy.SubmitOrderTest@6c80d78a]" started-at="2024-12-08T22:42:20 IST" name="submitOrder" data-provider="getData" finished-at="2024-12-08T22:42:24 IST" duration-ms="3186" status="PASS">
          <params>
            <param index="0">
              <value>
                <![CDATA[{password=thisisEcommerce@123, email=thoufidm87@gmail.com, productName=ZARA COAT 3}]]>
              </value>
            </param>
          </params>
          <reporter-output>
          </reporter-output>
        </test-method> <!-- submitOrder -->
        <test-method is-config="true" signature="tearDown()[pri:0, instance:rahulshettyacademy.SubmitOrderTest@6c80d78a]" started-at="2024-12-08T22:42:24 IST" name="tearDown" finished-at="2024-12-08T22:42:24 IST" duration-ms="504" status="PASS">
          <reporter-output>
          </reporter-output>
        </test-method> <!-- tearDown -->
        <test-method is-config="true" signature="launchApplication()[pri:0, instance:rahulshettyacademy.SubmitOrderTest@6c80d78a]" started-at="2024-12-08T22:42:24 IST" name="launchApplication" finished-at="2024-12-08T22:43:08 IST" duration-ms="43908" status="PASS">
          <reporter-output>
          </reporter-output>
        </test-method> <!-- launchApplication -->
        <test-method signature="submitOrder(java.util.Map)[pri:0, instance:rahulshettyacademy.SubmitOrderTest@6c80d78a]" started-at="2024-12-08T22:43:08 IST" name="submitOrder" data-provider="getData" finished-at="2024-12-08T22:43:11 IST" duration-ms="3517" status="PASS">
          <params>
            <param index="0">
              <value>
                <![CDATA[{password=thisisEcommerce@321, email=chammu@gmail.com, productName=IPHONE 13 PRO}]]>
              </value>
            </param>
          </params>
          <reporter-output>
          </reporter-output>
        </test-method> <!-- submitOrder -->
        <test-method is-config="true" signature="tearDown()[pri:0, instance:rahulshettyacademy.SubmitOrderTest@6c80d78a]" started-at="2024-12-08T22:43:11 IST" name="tearDown" finished-at="2024-12-08T22:43:12 IST" duration-ms="337" status="PASS">
          <reporter-output>
          </reporter-output>
        </test-method> <!-- tearDown -->
      </class> <!-- rahulshettyacademy.SubmitOrderTest -->
    </test> <!-- Submit Order Test -->
  </suite> <!-- Suite -->
</testng-results>
